<?xml version="1.0" encoding="UTF-8"?>
<!-- Generated by org.testng.reporters.JUnitReportReporter -->
<testsuite hostname="RANA" failures="0" tests="1" name="testscript.AmazonTest" time="42.565" errors="0" timestamp="2024-09-13T22:02:24 IST" skipped="0">
  <testcase classname="testscript.AmazonTest" name="searchAndPrintProducts" time="42.565"/>
  <system-out/>
</testsuite> <!-- testscript.AmazonTest -->
